\BOOKMARK [0][-]{chapter*.4}{\376\377\000I\000n\000t\000r\000o\000d\000u\000c\000t\000i\000o\000n\000\040\000g\000\351\000n\000\351\000r\000a\000l\000e}{}% 1
\BOOKMARK [0][-]{chapter.1}{\376\377\000L\000e\000\040\000C\000a\000d\000r\000e\000\040\000T\000h\000\351\000o\000r\000i\000q\000u\000e\000\040\000d\000e\000\040\000l\040\031\000A\000n\000a\000l\000y\000s\000e\000\040\000h\000e\000h\000e\000h\000e\000h\000e\000\040\000d\000e\000\040\000l\040\031\000E\000n\000v\000i\000r\000o\000n\000n\000e\000m\000e\000n\000t}{}% 2
\BOOKMARK [1][-]{section.1.1}{\376\377\000F\000o\000n\000d\000e\000m\000e\000n\000t\000s\000\040\000e\000t\000\040\000T\000y\000p\000o\000l\000o\000g\000i\000e\000s}{chapter.1}% 3
\BOOKMARK [2][-]{subsection.1.1.1}{\376\377\000C\000o\000n\000c\000e\000p\000t\000s\000\040\000e\000t\000\040\000D\000\351\000f\000i\000n\000i\000t\000i\000o\000n\000s}{section.1.1}% 4
\BOOKMARK [3][-]{subsubsection.1.1.1.1}{\376\377\000D\000\351\000f\000i\000n\000i\000t\000i\000o\000n\000\040\000d\000e\000\040\000l\040\031\000e\000n\000t\000r\000e\000p\000r\000i\000s\000e}{subsection.1.1.1}% 5
\BOOKMARK [3][-]{subsubsection.1.1.1.2}{\376\377\000D\000\351\000f\000i\000n\000i\000t\000i\000o\000n\000\040\000d\000e\000\040\000l\040\031\000e\000n\000v\000i\000r\000o\000n\000n\000e\000m\000e\000n\000t}{subsection.1.1.1}% 6
\BOOKMARK [3][-]{subsubsection.1.1.1.3}{\376\377\000L\040\031\000i\000m\000p\000o\000r\000t\000a\000n\000c\000e\000\040\000d\000e\000\040\000l\040\031\000i\000n\000t\000e\000r\000a\000c\000t\000i\000o\000n\000\040\000e\000n\000v\000i\000r\000o\000n\000n\000e\000m\000e\000n\000t\000-\000e\000n\000t\000r\000e\000p\000r\000i\000s\000e}{subsection.1.1.1}% 7
\BOOKMARK [2][-]{subsection.1.1.2}{\376\377\000L\040\031\000i\000m\000p\000o\000r\000t\000a\000n\000c\000e\000\040\000d\000e\000\040\000l\040\031\000A\000n\000a\000l\000y\000s\000e\000\040\000E\000n\000v\000i\000r\000o\000n\000n\000e\000m\000e\000n\000t\000a\000l\000e}{section.1.1}% 8
\BOOKMARK [3][-]{subsubsection.1.1.2.1}{\376\377\000A\000n\000t\000i\000c\000i\000p\000a\000t\000i\000o\000n\000\040\000d\000e\000s\000\040\000r\000i\000s\000q\000u\000e\000s\000\040\000e\000t\000\040\000m\000a\000\356\000t\000r\000i\000s\000e\000\040\000d\000e\000\040\000l\040\031\000i\000n\000c\000e\000r\000t\000i\000t\000u\000d\000e}{subsection.1.1.2}% 9
\BOOKMARK [3][-]{subsubsection.1.1.2.2}{\376\377\000I\000d\000e\000n\000t\000i\000f\000i\000c\000a\000t\000i\000o\000n\000\040\000d\000e\000s\000\040\000o\000p\000p\000o\000r\000t\000u\000n\000i\000t\000\351\000s\000\040\000s\000t\000r\000a\000t\000\351\000g\000i\000q\000u\000e\000s}{subsection.1.1.2}% 10
\BOOKMARK [2][-]{subsection.1.1.3}{\376\377\000L\000a\000\040\000N\000a\000t\000u\000r\000e\000\040\000d\000e\000\040\000l\040\031\000E\000n\000v\000i\000r\000o\000n\000n\000e\000m\000e\000n\000t\000\040\000\050\000L\000e\000s\000\040\000T\000y\000p\000o\000l\000o\000g\000i\000e\000s\000\051}{section.1.1}% 11
\BOOKMARK [3][-]{subsubsection.1.1.3.1}{\376\377\000L\040\031\000e\000n\000v\000i\000r\000o\000n\000n\000e\000m\000e\000n\000t\000\040\000P\000l\000a\000c\000i\000d\000e\000\040\000e\000t\000\040\000P\000l\000a\000c\000i\000d\000e\000-\000S\000e\000g\000m\000e\000n\000t\000\351}{subsection.1.1.3}% 12
\BOOKMARK [3][-]{subsubsection.1.1.3.2}{\376\377\000L\040\031\000e\000n\000v\000i\000r\000o\000n\000n\000e\000m\000e\000n\000t\000\040\000R\000\351\000a\000c\000t\000i\000f}{subsection.1.1.3}% 13
\BOOKMARK [3][-]{subsubsection.1.1.3.3}{\376\377\000L\040\031\000e\000n\000v\000i\000r\000o\000n\000n\000e\000m\000e\000n\000t\000\040\000T\000u\000r\000b\000u\000l\000e\000n\000t\000\040\000e\000t\000\040\000D\000y\000n\000a\000m\000i\000q\000u\000e}{subsection.1.1.3}% 14
\BOOKMARK [1][-]{section.1.2}{\376\377\000L\040\031\000A\000n\000a\000l\000y\000s\000e\000\040\000d\000u\000\040\000M\000a\000c\000r\000o\000-\000E\000n\000v\000i\000r\000o\000n\000n\000e\000m\000e\000n\000t}{chapter.1}% 15
\BOOKMARK [2][-]{subsection.1.2.1}{\376\377\000L\000a\000\040\000M\000\351\000t\000h\000o\000d\000e\000\040\000P\000E\000S\000T\000E\000L}{section.1.2}% 16
\BOOKMARK [3][-]{subsubsection.1.2.1.1}{\376\377\000D\000i\000m\000e\000n\000s\000i\000o\000n\000\040\000P\000o\000l\000i\000t\000i\000q\000u\000e\000\040\000e\000t\000\040\000L\000\351\000g\000a\000l\000e}{subsection.1.2.1}% 17
\BOOKMARK [3][-]{subsubsection.1.2.1.2}{\376\377\000D\000i\000m\000e\000n\000s\000i\000o\000n\000\040\000\311\000c\000o\000n\000o\000m\000i\000q\000u\000e}{subsection.1.2.1}% 18
\BOOKMARK [3][-]{subsubsection.1.2.1.3}{\376\377\000D\000i\000m\000e\000n\000s\000i\000o\000n\000\040\000S\000o\000c\000i\000o\000c\000u\000l\000t\000u\000r\000e\000l\000l\000e}{subsection.1.2.1}% 19
\BOOKMARK [3][-]{subsubsection.1.2.1.4}{\376\377\000D\000i\000m\000e\000n\000s\000i\000o\000n\000\040\000T\000e\000c\000h\000n\000o\000l\000o\000g\000i\000q\000u\000e}{subsection.1.2.1}% 20
\BOOKMARK [3][-]{subsubsection.1.2.1.5}{\376\377\000D\000i\000m\000e\000n\000s\000i\000o\000n\000\040\000\311\000c\000o\000l\000o\000g\000i\000q\000u\000e}{subsection.1.2.1}% 21
\BOOKMARK [2][-]{subsection.1.2.2}{\376\377\000L\000a\000\040\000V\000e\000i\000l\000l\000e\000\040\000S\000t\000r\000a\000t\000\351\000g\000i\000q\000u\000e}{section.1.2}% 22
\BOOKMARK [3][-]{subsubsection.1.2.2.1}{\376\377\000D\000\351\000f\000i\000n\000i\000t\000i\000o\000n\000\040\000e\000t\000\040\000r\000\364\000l\000e\000\040\000d\000e\000\040\000l\000a\000\040\000v\000e\000i\000l\000l\000e}{subsection.1.2.2}% 23
\BOOKMARK [3][-]{subsubsection.1.2.2.2}{\376\377\000L\000e\000s\000\040\000t\000y\000p\000e\000s\000\040\000d\000e\000\040\000v\000e\000i\000l\000l\000e\000\040\000\050\000T\000e\000c\000h\000n\000o\000l\000o\000g\000i\000q\000u\000e\000,\000\040\000C\000o\000n\000c\000u\000r\000r\000e\000n\000t\000i\000e\000l\000l\000e\000\051}{subsection.1.2.2}% 24
\BOOKMARK [3][-]{subsubsection.1.2.2.3}{\376\377\000L\000e\000\040\000c\000y\000c\000l\000e\000\040\000d\000e\000\040\000l\000a\000\040\000v\000e\000i\000l\000l\000e\000\040\000:\000\040\000C\000o\000l\000l\000e\000c\000t\000e\000,\000\040\000A\000n\000a\000l\000y\000s\000e\000\040\000e\000t\000\040\000D\000i\000f\000f\000u\000s\000i\000o\000n}{subsection.1.2.2}% 25
\BOOKMARK [1][-]{section.1.3}{\376\377\000L\040\031\000A\000n\000a\000l\000y\000s\000e\000\040\000d\000u\000\040\000M\000i\000c\000r\000o\000-\000E\000n\000v\000i\000r\000o\000n\000n\000e\000m\000e\000n\000t}{chapter.1}% 26
\BOOKMARK [2][-]{subsection.1.3.1}{\376\377\000L\000a\000\040\000S\000e\000g\000m\000e\000n\000t\000a\000t\000i\000o\000n\000\040\000S\000t\000r\000a\000t\000\351\000g\000i\000q\000u\000e\000\040\000:\000\040\000L\000e\000s\000\040\000D\000A\000S}{section.1.3}% 27
\BOOKMARK [3][-]{subsubsection.1.3.1.1}{\376\377\000D\000\351\000f\000i\000n\000i\000t\000i\000o\000n\000\040\000d\000u\000\040\000D\000o\000m\000a\000i\000n\000e\000\040\000d\040\031\000A\000c\000t\000i\000v\000i\000t\000\351\000\040\000S\000t\000r\000a\000t\000\351\000g\000i\000q\000u\000e\000\040\000\050\000D\000A\000S\000\051}{subsection.1.3.1}% 28
\BOOKMARK [3][-]{subsubsection.1.3.1.2}{\376\377\000L\000e\000s\000\040\000c\000r\000i\000t\000\350\000r\000e\000s\000\040\000d\000e\000\040\000s\000e\000g\000m\000e\000n\000t\000a\000t\000i\000o\000n\000\040\000s\000t\000r\000a\000t\000\351\000g\000i\000q\000u\000e}{subsection.1.3.1}% 29
\BOOKMARK [3][-]{subsubsection.1.3.1.3}{\376\377\000D\000i\000f\000f\000\351\000r\000e\000n\000c\000e\000\040\000e\000n\000t\000r\000e\000\040\000s\000e\000g\000m\000e\000n\000t\000a\000t\000i\000o\000n\000\040\000m\000a\000r\000k\000e\000t\000i\000n\000g\000\040\000e\000t\000\040\000s\000t\000r\000a\000t\000\351\000g\000i\000q\000u\000e}{subsection.1.3.1}% 30
\BOOKMARK [2][-]{subsection.1.3.2}{\376\377\000L\040\031\000A\000n\000a\000l\000y\000s\000e\000\040\000d\000e\000\040\000l\000a\000\040\000C\000o\000n\000c\000u\000r\000r\000e\000n\000c\000e\000\040\000:\000\040\000L\000e\000\040\000M\000o\000d\000\350\000l\000e\000\040\000d\000e\000\040\000P\000o\000r\000t\000e\000r}{section.1.3}% 31
\BOOKMARK [3][-]{subsubsection.1.3.2.1}{\376\377\000L\040\031\000i\000n\000t\000e\000n\000s\000i\000t\000\351\000\040\000d\000e\000\040\000l\000a\000\040\000r\000i\000v\000a\000l\000i\000t\000\351\000\040\000e\000n\000t\000r\000e\000\040\000l\000e\000s\000\040\000c\000o\000n\000c\000u\000r\000r\000e\000n\000t\000s}{subsection.1.3.2}% 32
\BOOKMARK [3][-]{subsubsection.1.3.2.2}{\376\377\000L\000e\000\040\000p\000o\000u\000v\000o\000i\000r\000\040\000d\000e\000\040\000n\000\351\000g\000o\000c\000i\000a\000t\000i\000o\000n\000\040\000d\000e\000s\000\040\000c\000l\000i\000e\000n\000t\000s\000\040\000e\000t\000\040\000d\000e\000s\000\040\000f\000o\000u\000r\000n\000i\000s\000s\000e\000u\000r\000s}{subsection.1.3.2}% 33
\BOOKMARK [3][-]{subsubsection.1.3.2.3}{\376\377\000M\000e\000n\000a\000c\000e\000s\000\040\000\050\000N\000o\000u\000v\000e\000a\000u\000x\000\040\000e\000n\000t\000r\000a\000n\000t\000s\000\040\000e\000t\000\040\000p\000r\000o\000d\000u\000i\000t\000s\000\040\000d\000e\000\040\000s\000u\000b\000s\000t\000i\000t\000u\000t\000i\000o\000n\000\051}{subsection.1.3.2}% 34
\BOOKMARK [1][-]{section.1.4}{\376\377\000S\000y\000n\000t\000h\000\350\000s\000e\000\040\000d\000u\000\040\000D\000i\000a\000g\000n\000o\000s\000t\000i\000c\000\040\000:\000\040\000L\040\031\000A\000n\000a\000l\000y\000s\000e\000\040\000S\000W\000O\000T}{chapter.1}% 35
\BOOKMARK [2][-]{subsection.1.4.1}{\376\377\000P\000r\000\351\000s\000e\000n\000t\000a\000t\000i\000o\000n\000\040\000d\000e\000\040\000l\000a\000\040\000M\000a\000t\000r\000i\000c\000e\000\040\000S\000W\000O\000T}{section.1.4}% 36
\BOOKMARK [3][-]{subsubsection.1.4.1.1}{\376\377\000L\000e\000\040\000d\000i\000a\000g\000n\000o\000s\000t\000i\000c\000\040\000i\000n\000t\000e\000r\000n\000e\000\040\000:\000\040\000F\000o\000r\000c\000e\000s\000\040\000e\000t\000\040\000F\000a\000i\000b\000l\000e\000s\000s\000e\000s}{subsection.1.4.1}% 37
\BOOKMARK [3][-]{subsubsection.1.4.1.2}{\376\377\000L\000e\000\040\000d\000i\000a\000g\000n\000o\000s\000t\000i\000c\000\040\000e\000x\000t\000e\000r\000n\000e\000\040\000:\000\040\000O\000p\000p\000o\000r\000t\000u\000n\000i\000t\000\351\000s\000\040\000e\000t\000\040\000M\000e\000n\000a\000c\000e\000s}{subsection.1.4.1}% 38
\BOOKMARK [2][-]{subsection.1.4.2}{\376\377\000L\040\031\000u\000t\000i\000l\000i\000t\000\351\000\040\000d\000u\000\040\000S\000W\000O\000T\000\040\000d\000a\000n\000s\000\040\000l\000a\000\040\000p\000r\000i\000s\000e\000\040\000d\000e\000\040\000d\000\351\000c\000i\000s\000i\000o\000n\000\040\000s\000t\000r\000a\000t\000\351\000g\000i\000q\000u\000e}{section.1.4}% 39
\BOOKMARK [0][-]{chapter.2}{\376\377\000C\000a\000d\000r\000e\000\040\000P\000r\000a\000t\000i\000q\000u\000e\000\040\000:\000\040\000A\000n\000a\000l\000y\000s\000e\000\040\000S\000t\000r\000a\000t\000\351\000g\000i\000q\000u\000e\000\040\000d\000u\000\040\000G\000r\000o\000u\000p\000e\000\040\000P\000o\000u\000l\000i\000n\000a}{}% 40
\BOOKMARK [1][-]{section.2.1}{\376\377\000P\000r\000\351\000s\000e\000n\000t\000a\000t\000i\000o\000n\000\040\000G\000\351\000n\000\351\000r\000a\000l\000e\000\040\000d\000e\000\040\000l\040\031\000E\000n\000t\000r\000e\000p\000r\000i\000s\000e}{chapter.2}% 41
\BOOKMARK [2][-]{subsection.2.1.1}{\376\377\000H\000i\000s\000t\000o\000r\000i\000q\000u\000e\000\040\000e\000t\000\040\000\351\000v\000o\000l\000u\000t\000i\000o\000n}{section.2.1}% 42
\BOOKMARK [2][-]{subsection.2.1.2}{\376\377\000A\000c\000t\000i\000v\000i\000t\000\351\000s\000\040\000e\000t\000\040\000d\000o\000m\000a\000i\000n\000e\000s\000\040\000d\040\031\000i\000n\000t\000e\000r\000v\000e\000n\000t\000i\000o\000n}{section.2.1}% 43
\BOOKMARK [2][-]{subsection.2.1.3}{\376\377\000S\000t\000r\000u\000c\000t\000u\000r\000e\000\040\000o\000r\000g\000a\000n\000i\000s\000a\000t\000i\000o\000n\000n\000e\000l\000l\000e}{section.2.1}% 44
\BOOKMARK [3][-]{subsubsection.2.1.3.1}{\376\377\000O\000r\000g\000a\000n\000i\000s\000a\000t\000i\000o\000n\000\040\000h\000i\000\351\000r\000a\000r\000c\000h\000i\000q\000u\000e\000\040\000e\000t\000\040\000e\000f\000f\000e\000c\000t\000i\000f}{subsection.2.1.3}% 45
\BOOKMARK [3][-]{subsubsection.2.1.3.2}{\376\377\000I\000m\000p\000l\000a\000n\000t\000a\000t\000i\000o\000n\000\040\000g\000\351\000o\000g\000r\000a\000p\000h\000i\000q\000u\000e}{subsection.2.1.3}% 46
\BOOKMARK [2][-]{subsection.2.1.4}{\376\377\000I\000d\000e\000n\000t\000i\000f\000i\000c\000a\000t\000i\000o\000n\000\040\000d\000u\000\040\000D\000A\000S\000\040\000\351\000t\000u\000d\000i\000\351\000\040\000:\000\040\000L\040\031\000A\000g\000r\000o\000a\000l\000i\000m\000e\000n\000t\000a\000i\000r\000e\000\040\000\050\000F\000i\000l\000i\000\350\000r\000e\000\040\000A\000v\000i\000c\000o\000l\000e\000\051}{section.2.1}% 47
\BOOKMARK [1][-]{section.2.2}{\376\377\000A\000n\000a\000l\000y\000s\000e\000\040\000d\000u\000\040\000M\000a\000c\000r\000o\000-\000E\000n\000v\000i\000r\000o\000n\000n\000e\000m\000e\000n\000t\000\040\000d\000e\000\040\000P\000o\000u\000l\000i\000n\000a}{chapter.2}% 48
\BOOKMARK [2][-]{subsection.2.2.1}{\376\377\000A\000n\000a\000l\000y\000s\000e\000\040\000d\000e\000s\000\040\000d\000i\000m\000e\000n\000s\000i\000o\000n\000s\000\040\000P\000E\000S\000T\000E\000L}{section.2.2}% 49
\BOOKMARK [3][-]{subsubsection.2.2.1.1}{\376\377\000D\000i\000m\000e\000n\000s\000i\000o\000n\000\040\000P\000o\000l\000i\000t\000i\000q\000u\000e\000\040\000e\000t\000\040\000L\000\351\000g\000a\000l\000e\000\040\000\050\000R\000\351\000g\000l\000e\000m\000e\000n\000t\000a\000t\000i\000o\000n\000s\000,\000\040\000n\000o\000r\000m\000e\000s\000\051}{subsection.2.2.1}% 50
\BOOKMARK [3][-]{subsubsection.2.2.1.2}{\376\377\000D\000i\000m\000e\000n\000s\000i\000o\000n\000\040\000\311\000c\000o\000n\000o\000m\000i\000q\000u\000e\000\040\000\050\000I\000n\000f\000l\000a\000t\000i\000o\000n\000,\000\040\000c\000o\000\373\000t\000\040\000d\000e\000s\000\040\000m\000a\000t\000i\000\350\000r\000e\000s\000\040\000p\000r\000e\000m\000i\000\350\000r\000e\000s\000\051}{subsection.2.2.1}% 51
\BOOKMARK [3][-]{subsubsection.2.2.1.3}{\376\377\000D\000i\000m\000e\000n\000s\000i\000o\000n\000\040\000S\000o\000c\000i\000o\000c\000u\000l\000t\000u\000r\000e\000l\000l\000e\000\040\000\050\000H\000a\000b\000i\000t\000u\000d\000e\000s\000\040\000a\000l\000i\000m\000e\000n\000t\000a\000i\000r\000e\000s\000\051}{subsection.2.2.1}% 52
\BOOKMARK [3][-]{subsubsection.2.2.1.4}{\376\377\000D\000i\000m\000e\000n\000s\000i\000o\000n\000\040\000T\000e\000c\000h\000n\000o\000l\000o\000g\000i\000q\000u\000e\000\040\000\050\000M\000o\000d\000e\000r\000n\000i\000s\000a\000t\000i\000o\000n\000,\000\040\000D\000i\000g\000i\000t\000a\000l\000i\000s\000a\000t\000i\000o\000n\000\051}{subsection.2.2.1}% 53
\BOOKMARK [3][-]{subsubsection.2.2.1.5}{\376\377\000D\000i\000m\000e\000n\000s\000i\000o\000n\000\040\000\311\000c\000o\000l\000o\000g\000i\000q\000u\000e\000\040\000\050\000G\000e\000s\000t\000i\000o\000n\000\040\000d\000e\000s\000\040\000d\000\351\000c\000h\000e\000t\000s\000,\000\040\000c\000o\000n\000t\000r\000a\000i\000n\000t\000e\000s\000\051}{subsection.2.2.1}% 54
\BOOKMARK [2][-]{subsection.2.2.2}{\376\377\000S\000y\000n\000t\000h\000\350\000s\000e\000\040\000:\000\040\000O\000p\000p\000o\000r\000t\000u\000n\000i\000t\000\351\000s\000\040\000e\000t\000\040\000M\000e\000n\000a\000c\000e\000s\000\040\000d\000u\000\040\000m\000a\000c\000r\000o\000-\000e\000n\000v\000i\000r\000o\000n\000n\000e\000m\000e\000n\000t}{section.2.2}% 55
\BOOKMARK [1][-]{section.2.3}{\376\377\000A\000n\000a\000l\000y\000s\000e\000\040\000d\000u\000\040\000M\000i\000c\000r\000o\000-\000E\000n\000v\000i\000r\000o\000n\000n\000e\000m\000e\000n\000t\000\040\000d\000e\000\040\000P\000o\000u\000l\000i\000n\000a}{chapter.2}% 56
\BOOKMARK [2][-]{subsection.2.3.1}{\376\377\000I\000n\000t\000e\000n\000s\000i\000t\000\351\000\040\000d\000e\000\040\000l\000a\000\040\000r\000i\000v\000a\000l\000i\000t\000\351\000\040\000c\000o\000n\000c\000u\000r\000r\000e\000n\000t\000i\000e\000l\000l\000e}{section.2.3}% 57
\BOOKMARK [2][-]{subsection.2.3.2}{\376\377\000P\000o\000u\000v\000o\000i\000r\000\040\000d\000e\000\040\000n\000\351\000g\000o\000c\000i\000a\000t\000i\000o\000n\000\040\000d\000e\000s\000\040\000c\000l\000i\000e\000n\000t\000s}{section.2.3}% 58
\BOOKMARK [2][-]{subsection.2.3.3}{\376\377\000P\000o\000u\000v\000o\000i\000r\000\040\000d\000e\000\040\000n\000\351\000g\000o\000c\000i\000a\000t\000i\000o\000n\000\040\000d\000e\000s\000\040\000f\000o\000u\000r\000n\000i\000s\000s\000e\000u\000r\000s}{section.2.3}% 59
\BOOKMARK [2][-]{subsection.2.3.4}{\376\377\000M\000e\000n\000a\000c\000e\000\040\000d\000e\000s\000\040\000n\000o\000u\000v\000e\000a\000u\000x\000\040\000e\000n\000t\000r\000a\000n\000t\000s\000\040\000e\000t\000\040\000d\000e\000s\000\040\000p\000r\000o\000d\000u\000i\000t\000s\000\040\000d\000e\000\040\000s\000u\000b\000s\000t\000i\000t\000u\000t\000i\000o\000n}{section.2.3}% 60
\BOOKMARK [2][-]{subsection.2.3.5}{\376\377\000S\000y\000n\000t\000h\000\350\000s\000e\000\040\000:\000\040\000F\000o\000r\000c\000e\000s\000\040\000e\000t\000\040\000F\000a\000i\000b\000l\000e\000s\000s\000e\000s\000\040\000d\000u\000\040\000m\000i\000c\000r\000o\000-\000e\000n\000v\000i\000r\000o\000n\000n\000e\000m\000e\000n\000t}{section.2.3}% 61
\BOOKMARK [1][-]{section.2.4}{\376\377\000D\000i\000a\000g\000n\000o\000s\000t\000i\000c\000\040\000S\000t\000r\000a\000t\000\351\000g\000i\000q\000u\000e\000\040\040\023\000\040\000A\000n\000a\000l\000y\000s\000e\000\040\000S\000W\000O\000T}{chapter.2}% 62
\BOOKMARK [2][-]{subsection.2.4.1}{\376\377\000F\000o\000r\000c\000e\000s\000\040\000e\000t\000\040\000F\000a\000i\000b\000l\000e\000s\000s\000e\000s\000\040\000\050\000D\000i\000a\000g\000n\000o\000s\000t\000i\000c\000\040\000I\000n\000t\000e\000r\000n\000e\000\051}{section.2.4}% 63
\BOOKMARK [2][-]{subsection.2.4.2}{\376\377\000O\000p\000p\000o\000r\000t\000u\000n\000i\000t\000\351\000s\000\040\000e\000t\000\040\000M\000e\000n\000a\000c\000e\000s\000\040\000\050\000D\000i\000a\000g\000n\000o\000s\000t\000i\000c\000\040\000E\000x\000t\000e\000r\000n\000e\000\051}{section.2.4}% 64
\BOOKMARK [2][-]{subsection.2.4.3}{\376\377\000M\000a\000t\000r\000i\000c\000e\000\040\000S\000W\000O\000T\000\040\000r\000\351\000c\000a\000p\000i\000t\000u\000l\000a\000t\000i\000v\000e}{section.2.4}% 65
\BOOKMARK [1][-]{section.2.5}{\376\377\000R\000e\000c\000o\000m\000m\000a\000n\000d\000a\000t\000i\000o\000n\000s\000\040\000S\000t\000r\000a\000t\000\351\000g\000i\000q\000u\000e\000s}{chapter.2}% 66
\BOOKMARK [2][-]{subsection.2.5.1}{\376\377\000D\000i\000v\000e\000r\000s\000i\000f\000i\000c\000a\000t\000i\000o\000n\000\040\000e\000t\000\040\000n\000o\000u\000v\000e\000a\000u\000x\000\040\000m\000a\000r\000c\000h\000\351\000s}{section.2.5}% 67
\BOOKMARK [2][-]{subsection.2.5.2}{\376\377\000I\000n\000v\000e\000s\000t\000i\000s\000s\000e\000m\000e\000n\000t\000s\000\040\000t\000e\000c\000h\000n\000o\000l\000o\000g\000i\000q\000u\000e\000s\000\040\000e\000t\000\040\000o\000p\000t\000i\000m\000i\000s\000a\000t\000i\000o\000n}{section.2.5}% 68
\BOOKMARK [2][-]{subsection.2.5.3}{\376\377\000S\000t\000r\000a\000t\000\351\000g\000i\000e\000s\000\040\000d\000e\000\040\000d\000i\000f\000f\000\351\000r\000e\000n\000c\000i\000a\000t\000i\000o\000n\000\040\000e\000t\000\040\000d\000e\000\040\000c\000o\000\373\000t}{section.2.5}% 69
\BOOKMARK [0][-]{chapter*.5}{\376\377\000C\000o\000n\000c\000l\000u\000s\000i\000o\000n\000\040\000G\000\351\000n\000\351\000r\000a\000l\000e\000\040}{}% 70
\BOOKMARK [0][-]{chapter*.6}{\376\377\000B\000i\000b\000l\000i\000o\000g\000r\000a\000p\000h\000i\000e}{}% 71
